c:\users\ucelebı\source\repos\sampleproject1\sampleproject1\debug\vc142.pdb
c:\users\ucelebı\source\repos\sampleproject1\sampleproject1\debug\vc142.ıdb
c:\users\ucelebı\source\repos\sampleproject1\sampleproject1\debug\rıde.obj
c:\users\ucelebı\source\repos\sampleproject1\sampleproject1\debug\maın.obj
c:\users\ucelebı\source\repos\sampleproject1\sampleproject1\debug\exampleresources.obj
c:\users\ucelebı\source\repos\sampleproject1\debug\sampleproject1.exe
c:\users\ucelebı\source\repos\sampleproject1\debug\sampleproject1.ılk
c:\users\ucelebı\source\repos\sampleproject1\debug\sampleproject1.pdb
c:\users\ucelebi\source\repos\sampleproject1\sampleproject1\debug\exampleresources.obj
c:\users\ucelebi\source\repos\sampleproject1\sampleproject1\debug\main.obj
c:\users\ucelebi\source\repos\sampleproject1\sampleproject1\debug\ride.obj
c:\users\ucelebi\source\repos\sampleproject1\sampleproject1\debug\vc142.idb
c:\users\ucelebi\source\repos\sampleproject1\sampleproject1\debug\vc142.pdb
c:\users\ucelebi\source\repos\sampleproject1\debug\sampleproject1.pdb
c:\users\ucelebi\source\repos\sampleproject1\debug\sampleproject1.exe
c:\users\ucelebi\source\repos\sampleproject1\debug\sampleproject1.ilk
c:\users\ucelebi\source\repos\sampleproject1\sampleproject1\debug\sampleproject1.tlog\cl.command.1.tlog
c:\users\ucelebi\source\repos\sampleproject1\sampleproject1\debug\sampleproject1.tlog\cl.read.1.tlog
c:\users\ucelebi\source\repos\sampleproject1\sampleproject1\debug\sampleproject1.tlog\cl.write.1.tlog
c:\users\ucelebi\source\repos\sampleproject1\sampleproject1\debug\sampleproject1.tlog\link.command.1.tlog
c:\users\ucelebi\source\repos\sampleproject1\sampleproject1\debug\sampleproject1.tlog\link.read.1.tlog
c:\users\ucelebi\source\repos\sampleproject1\sampleproject1\debug\sampleproject1.tlog\link.write.1.tlog
